<?xml version="1.0" encoding="UTF-8"?>
<testsuite name="Firefox_1401_Linux.UserTest" errors="0" failures="0" tests="5" time="0.007">
<testcase classname="Firefox_1401_Linux.UserTest" name="testUsergetName" time="0.002"/>
<testcase classname="Firefox_1401_Linux.UserTest" name="testUsersetName" time="0.001"/>
<testcase classname="Firefox_1401_Linux.UserTest" name="testUsergetEmail" time="0.001"/>
<testcase classname="Firefox_1401_Linux.UserTest" name="testUserloadData" time="0.002"/>
<testcase classname="Firefox_1401_Linux.UserTest" name="testTest" time="0.001"/>
<system-out><![CDATA[[LOG] log output[WARN] warn
[DEBUG] debug
[ERROR] error]]></system-out>
</testsuite>
