<?xml version="1.0" encoding="UTF-8"?>
<testsuite name="Firefox_1301_Mac_OS.HelloWorldTest" errors="0" failures="0" tests="1" time="0.0010">
<testcase classname="Firefox_1301_Mac_OS.HelloWorldTest" name="test should return hello world!" time="0.0010"/>
</testsuite>
